gettickets.wonderwomanfilm.com ---> ❌ Could not retrieve certificate
www.watchdontworrydarling.ie ---> ❌ Could not retrieve certificate
www.youareelrataalada.com ---> ❌ Could not retrieve certificate
www.watchdontworrydarling.co.uk ---> ❌ Could not retrieve certificate
www.watchdcleagueofsuperpets.co.uk ---> ❌ Could not retrieve certificate
www.watchaquamanandthelostkingdom.ie ---> ❌ Could not retrieve certificate
www.watchaquamanandthelostkingdom.co.uk ---> ❌ Could not retrieve certificate
www.watchblackadam.co.uk ---> ❌ Could not retrieve certificate
www.watchdcleagueofsuperpets.ie ---> ❌ Could not retrieve certificate
www.wbdtickets.com ---> ❌ Could not retrieve certificate
www.watchblackadam.ie ---> ❌ Could not retrieve certificate
www.wonkaonimax.co.uk ---> ❌ Could not retrieve certificate
www.aquamanonimax.co.uk ---> ❌ Could not retrieve certificate
www.barbie-themovie.net ---> ❌ Could not retrieve certificate
www.watchthenanmovie.ie ---> ❌ Could not retrieve certificate
www.watchunwelcome.co.uk ---> ❌ Could not retrieve certificate
www.watchtheflash.ie ---> ❌ Could not retrieve certificate
www.watchunwelcome.ie ---> ❌ Could not retrieve certificate
www.watchthelostking.ie ---> ❌ Could not retrieve certificate
www.barbie-themovie.com ---> ❌ Could not retrieve certificate
elcolorpurpura.entradaswb.com ---> Issued on: May 27 01:02:18 2025 GMT
www.colorpurple.id ---> Issued on: May 27 01:02:18 2025 GMT
entradasgt.elcolorpurpura.com ---> Issued on: May 27 01:02:18 2025 GMT
www.lacouleurpourpre-tickets.fr ---> Issued on: May 27 01:02:18 2025 GMT
www.dunemovie.me ---> Issued on: May 27 01:02:18 2025 GMT
www.thecolorpuple.com.sg ---> Issued on: May 27 01:02:18 2025 GMT
www.acorpurpurafilme.com.br ---> Issued on: May 27 01:02:18 2025 GMT
boletas.elcolorpurpura.com ---> Issued on: May 27 01:02:18 2025 GMT
www.watchthenanmovie.co.uk ---> Issued on: Jan 13 09:06:01 2025 GMT
www.thecolorpurplemovie.com.au ---> Issued on: May 27 01:02:18 2025 GMT
www.elcolorpurpura.entradaswb.com ---> Issued on: May 27 01:02:18 2025 GMT
www.thecolorpurple.me ---> Issued on: May 27 01:02:18 2025 GMT
www.ilcoloreviolaspettacoli.it ---> Issued on: May 27 01:02:18 2025 GMT
www.wonka.plataformasdigitaleswb.com ---> Issued on: Jan  9 06:26:01 2025 GMT
www.watchfantasticbeasts.co.uk ---> Issued on: Jan  2 10:51:01 2025 GMT
wonka.plataformasdigitaleswb.com ---> Issued on: Jan  9 06:26:01 2025 GMT
www.acorpurpura.pt ---> Issued on: May 27 01:02:18 2025 GMT
www.duna2filme.com.br ---> Issued on: May 27 01:02:18 2025 GMT
www.elcolorpurpura.com.ar ---> Issued on: May 27 01:02:18 2025 GMT
www.thecolorpurple.com.ph ---> Issued on: May 27 01:02:18 2025 GMT
www.watchthebatman.co.uk ---> Issued on: Jan  9 07:16:01 2025 GMT
www.watchtheduke.ie ---> Issued on: Jan 21 07:01:09 2025 GMT
www.watchtheflash.co.uk ---> Issued on: Jan 22 13:41:20 2025 GMT
boletas.duna2.com ---> Issued on: May 27 01:02:18 2025 GMT
dunepartedos.entradaswb.com ---> Issued on: May 27 01:02:18 2025 GMT
boletossv.duna2.com ---> Issued on: May 27 01:02:18 2025 GMT
entradasch.duna2.com ---> Issued on: May 27 01:02:18 2025 GMT
entradasgt.duna2.com ---> Issued on: May 27 01:02:18 2025 GMT
entradasbo.duna2.com ---> Issued on: May 27 01:02:18 2025 GMT
boletos.duna2.com ---> Issued on: May 27 01:02:18 2025 GMT
entradashn.duna2.com ---> Issued on: May 27 01:02:18 2025 GMT
entradaspe.duna2.com ---> Issued on: May 27 01:02:18 2025 GMT
entradasni.duna2.com ---> Issued on: May 27 01:02:18 2025 GMT
entradas.duna2.com.ar ---> Issued on: May 27 01:02:18 2025 GMT
entradaspa.duna2.com ---> Issued on: May 27 01:02:18 2025 GMT
boletoscr.duna2.com ---> Issued on: May 27 01:02:18 2025 GMT
entradaspy.duna2.com ---> Issued on: May 27 01:02:18 2025 GMT
www.duna2.com ---> Issued on: May 27 01:02:18 2025 GMT
www.duna2.com.ar ---> Issued on: May 27 01:02:18 2025 GMT
www.dunemovie.com.tw ---> Issued on: May 27 01:02:18 2025 GMT
www.dunemovie.com.sg ---> Issued on: May 27 01:02:18 2025 GMT
www.dune2.com.my ---> Issued on: May 27 01:02:18 2025 GMT
www.dunemovie.id ---> Issued on: May 27 01:02:18 2025 GMT
www.dune2-thai.com ---> Issued on: May 27 01:02:18 2025 GMT
www.dunepartedos.entradaswb.com ---> Issued on: May 27 01:02:18 2025 GMT
www.dune2.vn ---> Issued on: May 27 01:02:18 2025 GMT
www.theconjuringmovie.com ---> Issued on: May  1 09:56:16 2025 GMT
www.dunepart2.co.nz ---> Issued on: May 27 01:02:18 2025 GMT
www.watchmagicmike.co.uk ---> Issued on: Jan 20 10:01:04 2025 GMT
www.thecurseoflallorona.com ---> Issued on: May 27 01:02:18 2025 GMT
www.dunepart2.com.au ---> Issued on: May 27 01:02:18 2025 GMT
www.dunepartedois.pt ---> Issued on: May 27 01:02:18 2025 GMT
www.furiosalapelicula.com ---> Issued on: May 27 01:02:18 2025 GMT
shazam.wb.com ---> Issued on: Jun  5 15:09:45 2025 GMT
www.furiosamadmax.com ---> Issued on: May 27 01:02:18 2025 GMT
www.tenetfilm.com ---> Issued on: Jan 12 15:16:02 2024 GMT
www.shaftmovie.com ---> Issued on: May 27 01:02:18 2025 GMT
www.godzillaykong.com.py ---> Issued on: May 27 01:02:18 2025 GMT
www.aquaman2.plataformasdigitaleswb.com ---> Issued on: Jan 21 10:06:02 2025 GMT
boletos.godzillaykong.com ---> Issued on: May 27 01:02:18 2025 GMT
aquaman2.plataformasdigitaleswb.com ---> Issued on: Jan 21 10:06:02 2025 GMT
www.watchdunepartone.co.uk ---> Issued on: Jan 30 03:31:01 2025 GMT
boletoscr.godzillaykong.com ---> Issued on: May 27 01:02:18 2025 GMT
www.godzillaykong.com ---> Issued on: May 27 01:02:18 2025 GMT
entradasbo.godzillaykong.com ---> Issued on: May 27 01:02:18 2025 GMT
boletossv.godzillaykong.com ---> Issued on: May 27 01:02:18 2025 GMT
www.wonkadigitale.it ---> Issued on: May 27 01:02:18 2025 GMT
boletas.godzillaykong.com ---> Issued on: May 27 01:02:18 2025 GMT
entradas.godzillaykong.com.ar ---> Issued on: May 27 01:02:18 2025 GMT
www.thecolorpurple.com.sg ---> Issued on: May 27 01:02:18 2025 GMT
entradasch.godzillaykong.com ---> Issued on: May 27 01:02:18 2025 GMT
entradashn.godzillaykong.com ---> Issued on: May 27 01:02:18 2025 GMT
entradaspa.godzillaykong.com ---> Issued on: May 27 01:02:18 2025 GMT
entradasgt.godzillaykong.com ---> Issued on: May 27 01:02:18 2025 GMT
entradasni.godzillaykong.com ---> Issued on: May 27 01:02:18 2025 GMT
entradaspe.godzillaykong.com ---> Issued on: May 27 01:02:18 2025 GMT
godzillaykong.entradaswb.com ---> Issued on: May 27 01:02:18 2025 GMT
www.godzillaxkong-thaitickets.com ---> ❌ Could not retrieve certificate
www.godzillaxkong-tickets.fr ---> ❌ Could not retrieve certificate
www.godzillaxkong.co.kr ---> ❌ Could not retrieve certificate
www.godzillaxkong.co.nz ---> ❌ Could not retrieve certificate
www.godzillaxkong.com.au ---> ❌ Could not retrieve certificate
www.godzillaxkong.com.my ---> ❌ Could not retrieve certificate
www.godzillaxkong.com.ph ---> ❌ Could not retrieve certificate
www.godzillaxkong.com.sg ---> ❌ Could not retrieve certificate
www.godzillaxkong.com.tw ---> ❌ Could not retrieve certificate
www.godzillaxkong.me ---> ❌ Could not retrieve certificate
www.godzillaxkong.id ---> ❌ Could not retrieve certificate
www.godzillaxkong.pt ---> ❌ Could not retrieve certificate
www.godzillaxkong.vn ---> ❌ Could not retrieve certificate
www.godzillaykong.com.ar ---> ❌ Could not retrieve certificate
www.godzillaykong.entradaswb.com ---> ❌ Could not retrieve certificate
www.twistersmovie.net ---> ❌ Could not retrieve certificate
www.watchmummies.co.uk ---> ❌ Could not retrieve certificate
www.watchdune2.co.uk ---> ❌ Could not retrieve certificate
www.watchthenun2.co.uk ---> ❌ Could not retrieve certificate
www.watchthenun2.ie ---> ❌ Could not retrieve certificate
www.watchwonka.ie ---> ❌ Could not retrieve certificate
www.watchwonka.co.uk ---> ❌ Could not retrieve certificate
www.watchthemeg.co.uk ---> ❌ Could not retrieve certificate
www.watchmagicmike.ie ---> ❌ Could not retrieve certificate
www.aquaman2digitale.it ---> ❌ Could not retrieve certificate
www.magicmikespettacoli.it ---> ❌ Could not retrieve certificate
www.watchbarbie.co.uk ---> ❌ Could not retrieve certificate
www.watchbarbie.ie ---> ❌ Could not retrieve certificate
www.watchbluebeetle.co.uk ---> ❌ Could not retrieve certificate
www.watchbluebeetle.ie ---> ❌ Could not retrieve certificate
www.watchcreediii.co.uk ---> ❌ Could not retrieve certificate
www.dune2spettacoli.it ---> ❌ Could not retrieve certificate
www.dune2.co.kr ---> ❌ Could not retrieve certificate
www.dune2.com.ph ---> ❌ Could not retrieve certificate
wizardingworldwednesdays.co.uk ---> Issued on: May 22 21:21:55 2025 GMT
www.watchcreediii.ie ---> ❌ Could not retrieve certificate
wandsready.fantasticbeasts.com ---> Issued on: May 27 01:02:18 2025 GMT
www.watchmummies.ie ---> Issued on: Feb 14 09:11:13 2025 GMT
www.watchshazamfuryofthegods.ie ---> ❌ Could not retrieve certificate
www.watchshazamfuryofthegods.co.uk ---> ❌ Could not retrieve certificate
www.wizardingworldwednesdays.co.uk ---> Issued on: May 22 21:21:55 2025 GMT
www.tomandjerrymovie.com ---> ❌ Could not retrieve certificate
instagram.warnerbros.com.br ---> Issued on: Feb 13 09:21:01 2025 GMT
www.watchdune2.ie ---> Issued on: Feb 14 11:16:10 2025 GMT
www.dcfilmcrew.com.au ---> ❌ Could not retrieve certificate
www.detectivepikachuthemovie.com ---> ❌ Could not retrieve certificate
www.beetlejuicemovie.net ---> Issued on: May 27 01:02:18 2025 GMT
www.shazammovie.com ---> Issued on: May 27 01:02:18 2025 GMT
www.beetlejuicemovie.com ---> Issued on: Feb 19 04:56:07 2025 GMT
wandsready.fantasticbeasts.co.uk ---> Issued on: May 27 01:02:18 2025 GMT
www.fantasticbeasts.co.uk ---> Issued on: Feb 20 09:46:05 2025 GMT
instagram.warnerbros.com.tr ---> Issued on: Feb 28 05:46:18 2025 GMT
instagram.warnerbros.nl ---> Issued on: Feb 13 11:06:02 2025 GMT
www.wonderwoman1984-playlist.com ---> Issued on: May 27 01:02:18 2025 GMT
wandsready.fantasticbeasts.net ---> Issued on: May 27 01:02:18 2025 GMT
instagram.warnerbroslatino.com ---> Issued on: Feb 20 09:51:01 2025 GMT
www.dune4dx.co.uk ---> Issued on: May 27 01:02:18 2025 GMT
www.annabellemovie.com ---> Issued on: Feb 13 10:06:06 2025 GMT
www.dunescreenx.co.uk ---> Issued on: May 27 01:02:18 2025 GMT
www.godzillavskongmovie.net ---> Issued on: May 27 01:02:18 2025 GMT
www.godzillavskong.net ---> Issued on: May 27 01:02:18 2025 GMT
www.theflashmovie.net ---> Issued on: May 27 01:02:18 2025 GMT
www.godzillavskongmovie.com ---> Issued on: Feb 21 07:11:01 2025 GMT
www.godzillavskong.com ---> Issued on: Feb 20 05:21:02 2025 GMT
www.theflashmovie.com ---> Issued on: Feb 16 03:41:26 2024 GMT
www.duneimax.co.uk ---> Issued on: May 27 01:02:18 2025 GMT
www.watchersfilm.com ---> Issued on: May 27 01:02:18 2025 GMT
www.fantasticbeasts.net ---> Issued on: Feb 28 06:06:02 2025 GMT
www.godzillaxkong.co.za ---> Issued on: May 27 01:02:18 2025 GMT
instagram.warnerbros.ie ---> Issued on: Feb 28 10:11:01 2025 GMT
instagramme.warnerbrosme.com ---> Issued on: Mar  5 07:31:01 2025 GMT
www.watchthemeg.ie ---> Issued on: May 27 01:02:18 2025 GMT
instagramhbo.warnerbros.co.uk ---> Issued on: Mar  5 07:31:07 2025 GMT
www.challengersmovie.com.sg ---> Issued on: May 27 01:02:18 2025 GMT
www.godzillaekongfilme.com.br ---> Issued on: May 27 01:02:18 2025 GMT
www.rattrapagesvod.com ---> Issued on: Mar 10 05:16:02 2025 GMT
www.thecolorpurple.me ---> Issued on: May 27 01:02:18 2025 GMT
www.challengers.id ---> Issued on: May 27 01:02:18 2025 GMT
www.altoknightsfilm.com ---> Issued on: Mar 11 08:41:08 2025 GMT
www.altoknightsfilm.net ---> Issued on: Mar 11 08:41:30 2025 GMT
www.dcfilmcrew.co.nz ---> Issued on: May 27 01:02:18 2025 GMT
wbsound.com ---> Issued on: Jun 12 14:22:00 2025 GMT
www.wbsound.com ---> Issued on: May 27 01:02:18 2025 GMT
www.wonka.plataformasdigitaleswb.com ---> Issued on: Jan  9 06:26:01 2025 GMT
www.watchfantasticbeasts.co.uk ---> Issued on: Jan  2 10:51:01 2025 GMT
www.wonka.plataformasdigitaleswb.com ---> Issued on: Jan  9 06:26:01 2025 GMT
www.dunemovie.me ---> Issued on: May 27 01:02:18 2025 GMT
www.duna2filme.com.br ---> Issued on: May 27 01:02:18 2025 GMT
www.watchthenanmovie.co.uk ---> Issued on: Jan 13 09:06:01 2025 GMT
www.watchtheduke.ie ---> Issued on: Jan 21 07:01:09 2025 GMT
www.watchtheflash.co.uk ---> Issued on: Jan 22 13:41:20 2025 GMT
www.watchthebatman.co.uk ---> Issued on: Jan  9 07:16:01 2025 GMT
www.duna2.com ---> Issued on: May 27 01:02:18 2025 GMT
www.theconjuringmovie.com ---> Issued on: May  1 09:56:16 2025 GMT
www.watchmagicmike.co.uk ---> Issued on: Jan 20 10:01:04 2025 GMT
shazam.wb.com ---> Issued on: Jun  5 15:09:45 2025 GMT
www.shaftmovie.com ---> Issued on: May 27 01:02:18 2025 GMT
www.thecolorpurple.com.sg ---> Issued on: May 27 01:02:18 2025 GMT
www.tenetfilm.com ---> Issued on: Jan 12 15:16:02 2024 GMT
www.thecurseoflallorona.com ---> Issued on: May 27 01:02:18 2025 GMT
www.furiosamadmax.com ---> Issued on: May 27 01:02:18 2025 GMT
www.wonkadigitale.it ---> Issued on: May 27 01:02:18 2025 GMT
www.furiosalapelicula.com ---> Issued on: May 27 01:02:18 2025 GMT
www.aquaman2.plataformasdigitaleswb.com ---> Issued on: Jan 21 10:06:02 2025 GMT
www.godzillaykong.com ---> Issued on: May 27 01:02:18 2025 GMT
www.aquaman2.plataformasdigitaleswb.com ---> Issued on: Jan 21 10:06:02 2025 GMT
www.godzillaxkong.pt ---> Issued on: May 27 01:02:18 2025 GMT
www.godzillaykong.com.py ---> Issued on: May 27 01:02:18 2025 GMT
www.twistersmovie.net ---> Issued on: May 27 01:02:18 2025 GMT
www.watchdunepartone.co.uk ---> Issued on: Jan 30 03:31:01 2025 GMT
www.watchdune2.co.uk ---> Issued on: Feb  6 09:46:01 2025 GMT
www.watchmummies.co.uk ---> Issued on: Feb  7 04:36:06 2025 GMT
www.watchthenun2.co.uk ---> Issued on: Feb  7 04:36:13 2025 GMT
www.watchthenun2.ie ---> Issued on: Feb  7 04:36:17 2025 GMT
www.watchwonka.co.uk ---> Issued on: Feb  7 04:36:20 2025 GMT
www.watchmagicmike.ie ---> Issued on: Feb  7 04:36:02 2025 GMT
www.watchthemeg.co.uk ---> Issued on: Feb  7 04:36:10 2025 GMT
www.watchwonka.ie ---> Issued on: Feb  7 04:36:37 2025 GMT
www.aquaman2digitale.it ---> Issued on: May 27 01:02:18 2025 GMT
www.watchbarbie.co.uk ---> Issued on: Feb  7 03:56:02 2025 GMT
www.magicmikespettacoli.it ---> Issued on: May 27 01:02:18 2025 GMT
www.watchbarbie.ie ---> Issued on: Feb  7 03:06:01 2025 GMT
www.dune2spettacoli.it ---> Issued on: May 27 01:02:18 2025 GMT
www.watchbluebeetle.ie ---> Issued on: Feb  7 07:26:06 2025 GMT
www.dune2.com.ph ---> Issued on: May 27 01:02:18 2025 GMT
www.watchbluebeetle.co.uk ---> Issued on: Feb  7 07:21:09 2025 GMT
www.watchcreediii.co.uk ---> Issued on: Feb  7 07:31:01 2025 GMT
www.detectivepikachuthemovie.com ---> Issued on: May 27 01:02:18 2025 GMT
www.watchdune2.ie ---> Issued on: Feb 14 11:16:10 2025 GMT
www.tomandjerrymovie.com ---> Issued on: May 27 01:02:18 2025 GMT
www.dune2.co.kr ---> Issued on: May 27 01:02:18 2025 GMT
www.wizardingworldwednesdays.co.uk ---> Issued on: May 22 21:21:55 2025 GMT
wandsready.fantasticbeasts.com ---> Issued on: May 27 01:02:18 2025 GMT
www.watchcreediii.ie ---> Issued on: Feb 13 09:51:02 2025 GMT
www.watchmummies.ie ---> Issued on: Feb 14 09:11:13 2025 GMT
www.dcfilmcrew.com.au ---> Issued on: Feb 10 05:31:02 2025 GMT
www.watchshazamfuryofthegods.co.uk ---> Issued on: Feb  7 12:21:05 2025 GMT
www.watchshazamfuryofthegods.ie ---> Issued on: Feb 11 06:21:11 2025 GMT
www.wizardingworldwednesdays.co.uk ---> Issued on: May 22 21:21:55 2025 GMT
www.beetlejuicemovie.net ---> Issued on: May 27 01:02:18 2025 GMT
instagram.warnerbros.com.br ---> Issued on: Feb 13 09:21:01 2025 GMT
www.shazammovie.com ---> Issued on: May 27 01:02:18 2025 GMT
wandsready.fantasticbeasts.co.uk ---> Issued on: May 27 01:02:18 2025 GMT
instagram.warnerbros.nl ---> Issued on: Feb 13 11:06:02 2025 GMT
www.beetlejuicemovie.com ---> Issued on: Feb 19 04:56:07 2025 GMT
www.wonderwoman1984-playlist.com ---> Issued on: May 27 01:02:18 2025 GMT
www.fantasticbeasts.co.uk ---> Issued on: Feb 20 09:46:05 2025 GMT
instagram.warnerbros.com.tr ---> Issued on: Feb 28 05:46:18 2025 GMT
wandsready.fantasticbeasts.net ---> Issued on: May 27 01:02:18 2025 GMT
instagram.warnerbroslatino.com ---> Issued on: Feb 20 09:51:01 2025 GMT
www.annabellemovie.com ---> Issued on: Feb 13 10:06:06 2025 GMT
www.duneimax.co.uk ---> Issued on: May 27 01:02:18 2025 GMT
www.dune4dx.co.uk ---> Issued on: May 27 01:02:18 2025 GMT
www.dunescreenx.co.uk ---> Issued on: May 27 01:02:18 2025 GMT
www.godzillavskong.com ---> Issued on: Feb 20 05:21:02 2025 GMT
www.godzillavskong.net ---> Issued on: May 27 01:02:18 2025 GMT
www.theflashmovie.net ---> Issued on: May 27 01:02:18 2025 GMT
www.wbsound.com ---> Issued on: May 27 01:02:18 2025 GMT
www.godzillaxkong.co.za ---> Issued on: May 27 01:02:18 2025 GMT
www.godzillavskongmovie.net ---> Issued on: May 27 01:02:18 2025 GMT
www.theflashmovie.com ---> Issued on: Feb 16 03:41:26 2024 GMT
www.wbsound.com ---> Issued on: May 27 01:02:18 2025 GMT
www.godzillavskongmovie.com ---> Issued on: Feb 21 07:11:01 2025 GMT
www.watchersfilm.com ---> Issued on: May 27 01:02:18 2025 GMT
instagram.warnerbros.ie ---> Issued on: Feb 28 10:11:01 2025 GMT
www.challengersmovie.com.sg ---> Issued on: May 27 01:02:18 2025 GMT
www.fantasticbeasts.net ---> Issued on: Feb 28 06:06:02 2025 GMT
www.challengers.id ---> Issued on: May 27 01:02:18 2025 GMT
instagramme.warnerbrosme.com ---> Issued on: Mar  5 07:31:01 2025 GMT
www.altoknightsfilm.net ---> Issued on: Mar 11 08:41:30 2025 GMT
instagramhbo.warnerbros.co.uk ---> Issued on: Mar  5 07:31:07 2025 GMT
www.fantasticbeasts.com ---> Issued on: Mar 11 06:26:02 2025 GMT
www.altoknightsfilm.com ---> Issued on: Mar 11 08:41:08 2025 GMT
www.elultimobailedemagicmike.warnerbros.es ---> Issued on: Mar 10 15:51:01 2025 GMT
www.furiosamadmax.com ---> Issued on: May 27 01:02:18 2025 GMT
www.areyouwatching.co.uk ---> Issued on: May 27 01:02:18 2025 GMT
www.challengersmovie.co.kr ---> Issued on: May 27 01:02:18 2025 GMT
instagram.dccomics.co.uk ---> Issued on: Mar 21 05:16:01 2025 GMT
www.bluebettlemovie.com ---> Issued on: May 27 01:02:18 2025 GMT
www.entradasbo.furiosamadmax.com ---> Issued on: May 27 01:02:18 2025 GMT
www.furiosamovie.com.my ---> Issued on: May 27 01:02:18 2025 GMT
www.thecommandantsshadow.net ---> Issued on: May 27 01:02:18 2025 GMT
www.thecommandantsshadow.com ---> Issued on: May 27 01:02:18 2025 GMT
www.godzillaekongspettacoli.it ---> Issued on: May 27 01:02:18 2025 GMT
www.entradasch.desafiantespelicula.com ---> Issued on: May 27 01:02:18 2025 GMT
www.elmetodowilliams.plataformasdigitaleswb.com ---> Issued on: Mar 21 06:26:02 2025 GMT
www.dev.barbieselfie.ai ---> Issued on: May 27 01:02:18 2025 GMT
www.teamgodzillavsteamkong.com ---> Issued on: May 27 01:02:18 2025 GMT
www.furiosa.pt ---> Issued on: May 27 01:02:18 2025 GMT
www.barbieselfie.ai ---> Issued on: Apr  4 05:56:01 2025 GMT
www.teamgodzillavsteamkong.net ---> Issued on: May 27 01:02:18 2025 GMT
www.watchairmovie.co.uk ---> Issued on: Apr  1 04:56:09 2025 GMT
www.godzillaxkongimax.co.uk ---> Issued on: May 27 01:02:18 2025 GMT
www.watchairmovie.ie ---> Issued on: Mar 28 08:46:02 2025 GMT
www.ownwbtv.com ---> Issued on: May 27 01:02:18 2025 GMT
www.godzillaxkong3d.co.uk ---> Issued on: May 27 01:02:18 2025 GMT
www.bluebeetle.movie ---> Issued on: May 27 01:02:18 2025 GMT
www.watchlockeddown.ie ---> Issued on: Mar 26 09:51:08 2025 GMT
www.watchgodzillavskong.ie ---> Issued on: Mar 26 09:51:02 2025 GMT
www.watchjudasandtheblackmessiah.ie ---> Issued on: Mar 26 09:51:14 2025 GMT
www.watchthelittlethings.co.uk ---> Issued on: Apr 15 06:31:01 2025 GMT
www.watchtomandjerrythemovie.ie ---> Issued on: Apr 15 06:31:20 2025 GMT
www.watchthelittlethings.ie ---> Issued on: Apr 15 06:31:06 2025 GMT
www.posesioninfernal.entradaswb.com ---> Issued on: May 27 01:02:18 2025 GMT
www.challengers-tickets.fr ---> Issued on: May 27 01:02:18 2025 GMT
www.challengerspettacoli.it ---> Issued on: May 27 01:02:18 2025 GMT
www.jokermovie.net ---> Issued on: May 27 01:02:18 2025 GMT
www.wonderwoman.com ---> Issued on: Apr  8 07:36:11 2025 GMT
www.shazammmovie.com ---> Issued on: Apr  8 07:41:06 2025 GMT
www.wb100-vod.fr ---> Issued on: Apr  8 08:21:01 2025 GMT
www.suicidesquad.com ---> Issued on: Apr  8 06:11:06 2025 GMT
www.ownhbo.com ---> Issued on: Apr 16 08:06:11 2025 GMT
www.blinktwicemovie.net ---> Issued on: May 27 01:02:18 2025 GMT
www.smallfootthemovie.com ---> Issued on: Apr  8 07:36:02 2025 GMT
www.redonemovie.net ---> Issued on: May 27 01:02:18 2025 GMT
www.dune2digitale.it ---> Issued on: Apr 21 06:46:02 2025 GMT
www.dunepartedos.plataformasdigitaleswb.com ---> Issued on: Apr 14 09:31:07 2025 GMT
www.thebatman.plataformasdigitaleswb.com ---> Issued on: Apr 28 18:51:02 2025 GMT
www.laninadelacomunion.plataformasdigitaleswb.com ---> Issued on: Apr 14 09:31:02 2025 GMT
www.trapthefilm.net ---> Issued on: May 27 01:02:18 2025 GMT
www.trapthefilm.com ---> Issued on: May 27 01:02:18 2025 GMT
www.smallfootmovie.com ---> Issued on: May 27 01:02:18 2025 GMT
www.stage13.com ---> Issued on: May 27 01:02:18 2025 GMT
www.watchhypnotic.ie ---> Issued on: May 12 16:41:06 2025 GMT
www.challengersmovie.com.tw ---> Issued on: May 27 01:02:18 2025 GMT
www.shazam.plataformasdigitaleswb.com ---> Issued on: May 27 01:02:18 2025 GMT
www.blinktwicefilm.net ---> Issued on: May 27 01:02:18 2025 GMT
www.watchhypnotic.co.uk ---> Issued on: May 12 16:41:11 2025 GMT
www.thewatchers.pt ---> Issued on: May 27 01:02:18 2025 GMT
www.lossecretosdedumbledore.plataformasdigitaleswb.com ---> Issued on: May 27 01:02:18 2025 GMT
www.dontworrydarling.movie ---> Issued on: Jun 13 07:11:06 2025 GMT
www.godzillaekongdigitale.it ---> Issued on: Jun 10 04:44:10 2025 GMT
www.dontworrydarling-movie.com ---> Issued on: Jun 17 11:22:09 2025 GMT
www.dontworrydarling.film ---> Issued on: May 16 08:26:02 2025 GMT
www.godzillaykong.plataformasdigitaleswb.com ---> Issued on: May 27 01:02:18 2025 GMT
www.dev.dcleagueofsuperpets.com ---> Issued on: May 27 01:02:18 2025 GMT
instagram.warnerbros.co.uk ---> Issued on: May 23 11:46:02 2025 GMT
instagramdccomics.warnerbros.co.uk ---> Issued on: May 23 11:46:07 2025 GMT
www.dev.appcloud.wb.com ---> Issued on: May 27 01:02:18 2025 GMT
www.colorpurplefilm.com ---> Issued on: May 20 06:16:01 2025 GMT
www.momias.plataformasdigitales.wb.com ---> Issued on: May 27 01:02:18 2025 GMT
www.appcloud.wb.com ---> Issued on: May 27 01:02:18 2025 GMT
www.twistersfilme.com.br ---> Issued on: May 27 01:02:18 2025 GMT
www.tornadospelicula.com ---> Issued on: May 27 01:02:18 2025 GMT
www.12strongmovie.com ---> Issued on: May 26 07:36:02 2025 GMT
www.godzillamovie.com ---> Issued on: May 26 11:21:11 2025 GMT
www.boletossv.teestanobservando.com ---> Issued on: May 27 01:02:18 2025 GMT
www.watchhorizon.ie ---> Issued on: Jun  3 14:31:07 2025 GMT
www.watchhorizon.co.uk ---> Issued on: Jun  3 14:41:16 2025 GMT
www.twisters.id ---> Issued on: May 27 01:02:18 2025 GMT
www.osobservadoresfilme.com.br ---> Issued on: May 27 01:02:18 2025 GMT
dev.appcloud.warnerbros.com ---> Issued on: Jun 18 06:31:06 2025 GMT
www.thewatcherspettacoli.it ---> Issued on: May 27 01:02:18 2025 GMT
www.horizonspettacoli.it ---> Issued on: May 27 01:02:18 2025 GMT
www.twisters.com.my ---> Issued on: May 27 01:02:18 2025 GMT
www.watchtheconjuring.co.uk ---> Issued on: Jun 11 15:31:45 2024 GMT
www.watchspacejammovie.co.uk ---> Issued on: Jun 16 08:21:02 2025 GMT
www.ownfriendstv.com ---> Issued on: Jun 14 19:21:42 2024 GMT
www.twistersmovie.me ---> Issued on: Jun 14 19:21:48 2024 GMT
www.watchintheheights.co.uk ---> Issued on: Jun 13 09:31:02 2025 GMT
www.watchintheheights.ie ---> Issued on: Jun 13 09:31:06 2025 GMT
www.watchdreamhorse.ie ---> Issued on: Jun 13 09:31:11 2025 GMT
www.watchdune.co.uk ---> Issued on: Jun 18 04:41:02 2025 GMT
www.summerweeksvod.com ---> Issued on: Jun 14 19:21:36 2024 GMT
www.watchthesuicidesquad.ie ---> Issued on: Jun 17 06:46:05 2024 GMT
www.watchspacejammovie.ie ---> Issued on: Jun 17 06:46:08 2024 GMT
www.watchreminiscence.co.uk ---> Issued on: Jun 18 04:46:02 2025 GMT
www.thehobbit.com ---> Issued on: Jun 14 19:21:19 2024 GMT
www.wbpinewmedia.warnerbros.com ---> ❌ Could not retrieve certificate
wbroot-iga.warnerbros.com ---> ❌ Could not retrieve certificate
